# JRE version: Java(TM) SE Runtime Environment (8.0_91-b15) (build 1.8.0_91-b15)
# Java VM: Java HotSpot(TM) Client VM (25.91-b15 mixed mode windows-x86 )
Heap:
 def new generation   total 79488K, used 70720K [0x03c00000, 0x09230000, 0x19150000)
  eden space 70720K, 100% used [0x03c00000, 0x08110000, 0x08110000)
  from space 8768K,   0% used [0x08110000, 0x08110000, 0x089a0000)
  to   space 8768K, 100% used [0x089a0000, 0x09230000, 0x09230000)
 tenured generation   total 185608K, used 185608K [0x19150000, 0x24692000, 0x43c00000)
   the space 185608K, 100% used [0x19150000, 0x24692000, 0x24692000, 0x24692000)
 Metaspace       used 3580K, capacity 3598K, committed 3648K, reserved 4480K
GC Heap History (10 events):
Event: 76.211 GC heap after
Heap after GC invocations=61 (full 6):
 def new generation   total 69696K, used 7310K [0x03c00000, 0x08790000, 0x19150000)
  eden space 62016K,  11% used [0x03c00000, 0x04323a78, 0x07890000)
  from space 7680K,   0% used [0x07890000, 0x07890000, 0x08010000)
  to   space 7680K,   0% used [0x08010000, 0x08010000, 0x08790000)
 tenured generation   total 154692K, used 154691K [0x19150000, 0x22861000, 0x43c00000)
   the space 154692K,  99% used [0x19150000, 0x22860ff0, 0x22861000, 0x22861000)
 Metaspace       used 3492K, capacity 3502K, committed 3520K, reserved 4480K
}
Event: 76.213 GC heap before
{Heap before GC invocations=61 (full 6):
 def new generation   total 69696K, used 9137K [0x03c00000, 0x08790000, 0x19150000)
  eden space 62016K,  14% used [0x03c00000, 0x044ec458, 0x07890000)
  from space 7680K,   0% used [0x07890000, 0x07890000, 0x08010000)
  to   space 7680K,   0% used [0x08010000, 0x08010000, 0x08790000)
 tenured generation   total 154692K, used 154691K [0x19150000, 0x22861000, 0x43c00000)
   the space 154692K,  99% used [0x19150000, 0x22860ff0, 0x22861000, 0x22861000)
 Metaspace       used 3492K, capacity 3502K, committed 3520K, reserved 4480K
Event: 76.401 GC heap after
Heap after GC invocations=62 (full 6):
 def new generation   total 69696K, used 7015K [0x03c00000, 0x08790000, 0x19150000)
  eden space 62016K,   0% used [0x03c00000, 0x03c00000, 0x07890000)
  from space 7680K,  91% used [0x08010000, 0x086e9fd0, 0x08790000)
  to   space 7680K,   0% used [0x07890000, 0x07890000, 0x08010000)
 tenured generation   total 155204K, used 155080K [0x19150000, 0x228e1000, 0x43c00000)
   the space 155204K,  99% used [0x19150000, 0x228c2050, 0x228c2200, 0x228e1000)
 Metaspace       used 3492K, capacity 3502K, committed 3520K, reserved 4480K
}
Event: 77.655 GC heap before
{Heap before GC invocations=62 (full 6):
 def new generation   total 69696K, used 69031K [0x03c00000, 0x08790000, 0x19150000)
  eden space 62016K, 100% used [0x03c00000, 0x07890000, 0x07890000)
  from space 7680K,  91% used [0x08010000, 0x086e9fd0, 0x08790000)
  to   space 7680K,   0% used [0x07890000, 0x07890000, 0x08010000)
 tenured generation   total 155204K, used 155080K [0x19150000, 0x228e1000, 0x43c00000)
   the space 155204K,  99% used [0x19150000, 0x228c2050, 0x228c2200, 0x228e1000)
 Metaspace       used 3492K, capacity 3502K, committed 3520K, reserved 4480K
Event: 78.562 GC heap after
Heap after GC invocations=63 (full 7):
 def new generation   total 73536K, used 7636K [0x03c00000, 0x08bc0000, 0x19150000)
  eden space 65408K,  11% used [0x03c00000, 0x04375000, 0x07be0000)
  from space 8128K,   0% used [0x07be0000, 0x07be0000, 0x083d0000)
  to   space 8128K,   0% used [0x083d0000, 0x083d0000, 0x08bc0000)
 tenured generation   total 163268K, used 163268K [0x19150000, 0x230c1000, 0x43c00000)
   the space 163268K, 100% used [0x19150000, 0x230c1000, 0x230c1000, 0x230c1000)
 Metaspace       used 3492K, capacity 3502K, committed 3520K, reserved 4480K
}
Event: 84.662 GC heap before
{Heap before GC invocations=63 (full 7):
 def new generation   total 73536K, used 65408K [0x03c00000, 0x08bc0000, 0x19150000)
  eden space 65408K, 100% used [0x03c00000, 0x07be0000, 0x07be0000)
  from space 8128K,   0% used [0x07be0000, 0x07be0000, 0x083d0000)
  to   space 8128K,   0% used [0x083d0000, 0x083d0000, 0x08bc0000)
 tenured generation   total 163268K, used 163268K [0x19150000, 0x230c1000, 0x43c00000)
   the space 163268K, 100% used [0x19150000, 0x230c1000, 0x230c1000, 0x230c1000)
 Metaspace       used 3494K, capacity 3502K, committed 3520K, reserved 4480K
Event: 85.976 GC heap after
Heap after GC invocations=64 (full 8):
 def new generation   total 76928K, used 3696K [0x03c00000, 0x08f70000, 0x19150000)
  eden space 68416K,   5% used [0x03c00000, 0x03f9c388, 0x07ed0000)
  from space 8512K,   0% used [0x07ed0000, 0x07ed0000, 0x08720000)
  to   space 8512K,   0% used [0x08720000, 0x08720000, 0x08f70000)
 tenured generation   total 170820K, used 170820K [0x19150000, 0x23821000, 0x43c00000)
   the space 170820K, 100% used [0x19150000, 0x23821000, 0x23821000, 0x23821000)
 Metaspace       used 3494K, capacity 3502K, committed 3520K, reserved 4480K
}
Event: 88.765 GC heap before
{Heap before GC invocations=64 (full 8):
 def new generation   total 76928K, used 68416K [0x03c00000, 0x08f70000, 0x19150000)
  eden space 68416K, 100% used [0x03c00000, 0x07ed0000, 0x07ed0000)
  from space 8512K,   0% used [0x07ed0000, 0x07ed0000, 0x08720000)
  to   space 8512K,   0% used [0x08720000, 0x08720000, 0x08f70000)
 tenured generation   total 170820K, used 170820K [0x19150000, 0x23821000, 0x43c00000)
   the space 170820K, 100% used [0x19150000, 0x23821000, 0x23821000, 0x23821000)
 Metaspace       used 3494K, capacity 3502K, committed 3520K, reserved 4480K
Event: 89.936 GC heap after
Heap after GC invocations=65 (full 9):
 def new generation   total 79488K, used 8437K [0x03c00000, 0x09230000, 0x19150000)
  eden space 70720K,  11% used [0x03c00000, 0x0443d5f8, 0x08110000)
  from space 8768K,   0% used [0x08110000, 0x08110000, 0x089a0000)
  to   space 8768K,   0% used [0x089a0000, 0x089a0000, 0x09230000)
 tenured generation   total 176452K, used 176441K [0x19150000, 0x23da1000, 0x43c00000)
   the space 176452K,  99% used [0x19150000, 0x23d9e738, 0x23d9e800, 0x23da1000)
 Metaspace       used 3494K, capacity 3502K, committed 3520K, reserved 4480K
}
Event: 99.100 GC heap before
{Heap before GC invocations=65 (full 9):
 def new generation   total 79488K, used 70720K [0x03c00000, 0x09230000, 0x19150000)
  eden space 70720K, 100% used [0x03c00000, 0x08110000, 0x08110000)
  from space 8768K,   0% used [0x08110000, 0x08110000, 0x089a0000)
  to   space 8768K,   0% used [0x089a0000, 0x089a0000, 0x09230000)
 tenured generation   total 176452K, used 176441K [0x19150000, 0x23da1000, 0x43c00000)
   the space 176452K,  99% used [0x19150000, 0x23d9e738, 0x23d9e800, 0x23da1000)
 Metaspace       used 3580K, capacity 3598K, committed 3648K, reserved 4480K

