# JRE version: Java(TM) SE Runtime Environment (8.0_91-b15) (build 1.8.0_91-b15)
# Java VM: Java HotSpot(TM) Client VM (25.91-b15 mixed mode windows-x86 )
Heap:
 def new generation   total 38656K, used 38655K [0x03c00000, 0x065f0000, 0x19150000)
  eden space 34368K, 100% used [0x03c00000, 0x05d90000, 0x05d90000)
  from space 4288K,  99% used [0x061c0000, 0x065efff8, 0x065f0000)
  to   space 4288K,   0% used [0x05d90000, 0x05d90000, 0x061c0000)
 tenured generation   total 153500K, used 153499K [0x19150000, 0x22737000, 0x43c00000)
   the space 153500K,  99% used [0x19150000, 0x22736d40, 0x22736e00, 0x22737000)
 Metaspace       used 3485K, capacity 3494K, committed 3520K, reserved 4480K
GC Heap History (10 events):
Event: 34.045 GC heap after
Heap after GC invocations=62 (full 5):
 def new generation   total 38656K, used 4287K [0x03c00000, 0x065f0000, 0x19150000)
  eden space 34368K,   0% used [0x03c00000, 0x03c00000, 0x05d90000)
  from space 4288K,  99% used [0x05d90000, 0x061bfff8, 0x061c0000)
  to   space 4288K,   0% used [0x061c0000, 0x061c0000, 0x065f0000)
 tenured generation   total 144556K, used 131706K [0x19150000, 0x21e7b000, 0x43c00000)
   the space 144556K,  91% used [0x19150000, 0x211ee820, 0x211eea00, 0x21e7b000)
 Metaspace       used 3460K, capacity 3494K, committed 3520K, reserved 4480K
}
Event: 38.293 GC heap before
{Heap before GC invocations=62 (full 5):
 def new generation   total 38656K, used 38655K [0x03c00000, 0x065f0000, 0x19150000)
  eden space 34368K, 100% used [0x03c00000, 0x05d90000, 0x05d90000)
  from space 4288K,  99% used [0x05d90000, 0x061bfff8, 0x061c0000)
  to   space 4288K,   0% used [0x061c0000, 0x061c0000, 0x065f0000)
 tenured generation   total 144556K, used 131706K [0x19150000, 0x21e7b000, 0x43c00000)
   the space 144556K,  91% used [0x19150000, 0x211ee820, 0x211eea00, 0x21e7b000)
 Metaspace       used 3463K, capacity 3494K, committed 3520K, reserved 4480K
Event: 38.326 GC heap after
Heap after GC invocations=63 (full 5):
 def new generation   total 38656K, used 3175K [0x03c00000, 0x065f0000, 0x19150000)
  eden space 34368K,   0% used [0x03c00000, 0x03c00000, 0x05d90000)
  from space 4288K,  74% used [0x061c0000, 0x064d9dc8, 0x065f0000)
  to   space 4288K,   0% used [0x05d90000, 0x05d90000, 0x061c0000)
 tenured generation   total 144556K, used 135373K [0x19150000, 0x21e7b000, 0x43c00000)
   the space 144556K,  93% used [0x19150000, 0x215835f8, 0x21583600, 0x21e7b000)
 Metaspace       used 3463K, capacity 3494K, committed 3520K, reserved 4480K
}
Event: 39.850 GC heap before
{Heap before GC invocations=63 (full 5):
 def new generation   total 38656K, used 37543K [0x03c00000, 0x065f0000, 0x19150000)
  eden space 34368K, 100% used [0x03c00000, 0x05d90000, 0x05d90000)
  from space 4288K,  74% used [0x061c0000, 0x064d9dc8, 0x065f0000)
  to   space 4288K,   0% used [0x05d90000, 0x05d90000, 0x061c0000)
 tenured generation   total 144556K, used 135373K [0x19150000, 0x21e7b000, 0x43c00000)
   the space 144556K,  93% used [0x19150000, 0x215835f8, 0x21583600, 0x21e7b000)
 Metaspace       used 3477K, capacity 3494K, committed 3520K, reserved 4480K
Event: 39.896 GC heap after
Heap after GC invocations=64 (full 5):
 def new generation   total 38656K, used 4288K [0x03c00000, 0x065f0000, 0x19150000)
  eden space 34368K,   0% used [0x03c00000, 0x03c00000, 0x05d90000)
  from space 4288K, 100% used [0x05d90000, 0x061c0000, 0x061c0000)
  to   space 4288K,   0% used [0x061c0000, 0x061c0000, 0x065f0000)
 tenured generation   total 144556K, used 139533K [0x19150000, 0x21e7b000, 0x43c00000)
   the space 144556K,  96% used [0x19150000, 0x21993690, 0x21993800, 0x21e7b000)
 Metaspace       used 3477K, capacity 3494K, committed 3520K, reserved 4480K
}
Event: 41.253 GC heap before
{Heap before GC invocations=64 (full 5):
 def new generation   total 38656K, used 38656K [0x03c00000, 0x065f0000, 0x19150000)
  eden space 34368K, 100% used [0x03c00000, 0x05d90000, 0x05d90000)
  from space 4288K, 100% used [0x05d90000, 0x061c0000, 0x061c0000)
  to   space 4288K,   0% used [0x061c0000, 0x061c0000, 0x065f0000)
 tenured generation   total 144556K, used 139533K [0x19150000, 0x21e7b000, 0x43c00000)
   the space 144556K,  96% used [0x19150000, 0x21993690, 0x21993800, 0x21e7b000)
 Metaspace       used 3477K, capacity 3494K, committed 3520K, reserved 4480K
Event: 41.300 GC heap after
Heap after GC invocations=65 (full 5):
 def new generation   total 38656K, used 4288K [0x03c00000, 0x065f0000, 0x19150000)
  eden space 34368K,   0% used [0x03c00000, 0x03c00000, 0x05d90000)
  from space 4288K, 100% used [0x061c0000, 0x065f0000, 0x065f0000)
  to   space 4288K,   0% used [0x05d90000, 0x05d90000, 0x061c0000)
 tenured generation   total 144556K, used 144206K [0x19150000, 0x21e7b000, 0x43c00000)
   the space 144556K,  99% used [0x19150000, 0x21e23af8, 0x21e23c00, 0x21e7b000)
 Metaspace       used 3477K, capacity 3494K, committed 3520K, reserved 4480K
}
Event: 43.796 GC heap before
{Heap before GC invocations=65 (full 5):
 def new generation   total 38656K, used 38656K [0x03c00000, 0x065f0000, 0x19150000)
  eden space 34368K, 100% used [0x03c00000, 0x05d90000, 0x05d90000)
  from space 4288K, 100% used [0x061c0000, 0x065f0000, 0x065f0000)
  to   space 4288K,   0% used [0x05d90000, 0x05d90000, 0x061c0000)
 tenured generation   total 144556K, used 144206K [0x19150000, 0x21e7b000, 0x43c00000)
   the space 144556K,  99% used [0x19150000, 0x21e23af8, 0x21e23c00, 0x21e7b000)
 Metaspace       used 3485K, capacity 3494K, committed 3520K, reserved 4480K
Event: 44.611 GC heap after
Heap after GC invocations=66 (full 6):
 def new generation   total 38656K, used 4263K [0x03c00000, 0x065f0000, 0x19150000)
  eden space 34368K,  12% used [0x03c00000, 0x04029dd0, 0x05d90000)
  from space 4288K,   0% used [0x05d90000, 0x05d90000, 0x061c0000)
  to   space 4288K,   0% used [0x061c0000, 0x061c0000, 0x065f0000)
 tenured generation   total 149292K, used 149292K [0x19150000, 0x2231b000, 0x43c00000)
   the space 149292K, 100% used [0x19150000, 0x2231b000, 0x2231b000, 0x2231b000)
 Metaspace       used 3485K, capacity 3494K, committed 3520K, reserved 4480K
}
Event: 45.287 GC heap before
{Heap before GC invocations=66 (full 6):
 def new generation   total 38656K, used 34368K [0x03c00000, 0x065f0000, 0x19150000)
  eden space 34368K, 100% used [0x03c00000, 0x05d90000, 0x05d90000)
  from space 4288K,   0% used [0x05d90000, 0x05d90000, 0x061c0000)
  to   space 4288K,   0% used [0x061c0000, 0x061c0000, 0x065f0000)
 tenured generation   total 149292K, used 149292K [0x19150000, 0x2231b000, 0x43c00000)
   the space 149292K, 100% used [0x19150000, 0x2231b000, 0x2231b000, 0x2231b000)
 Metaspace       used 3485K, capacity 3494K, committed 3520K, reserved 4480K

