# JRE version: Java(TM) SE Runtime Environment (8.0_91-b15) (build 1.8.0_91-b15)
# Java VM: Java HotSpot(TM) Client VM (25.91-b15 mixed mode windows-x86 )
Heap:
 def new generation   total 81664K, used 81664K [0x03c00000, 0x09490000, 0x19150000)
  eden space 72640K, 100% used [0x03c00000, 0x082f0000, 0x082f0000)
  from space 9024K, 100% used [0x08bc0000, 0x09490000, 0x09490000)
  to   space 9024K,   0% used [0x082f0000, 0x082f0000, 0x08bc0000)
 tenured generation   total 189932K, used 189931K [0x19150000, 0x24acb000, 0x43c00000)
   the space 189932K,  99% used [0x19150000, 0x24acaff8, 0x24acb000, 0x24acb000)
 Metaspace       used 3604K, capacity 3630K, committed 3648K, reserved 4480K
GC Heap History (10 events):
Event: 78.188 GC heap after
Heap after GC invocations=61 (full 6):
 def new generation   total 68800K, used 7136K [0x03c00000, 0x086a0000, 0x19150000)
  eden space 61184K,  11% used [0x03c00000, 0x042f8308, 0x077c0000)
  from space 7616K,   0% used [0x077c0000, 0x077c0000, 0x07f30000)
  to   space 7616K,   0% used [0x07f30000, 0x07f30000, 0x086a0000)
 tenured generation   total 152780K, used 152779K [0x19150000, 0x22683000, 0x43c00000)
   the space 152780K,  99% used [0x19150000, 0x22682ff0, 0x22683000, 0x22683000)
 Metaspace       used 3496K, capacity 3502K, committed 3520K, reserved 4480K
}
Event: 78.865 GC heap before
{Heap before GC invocations=61 (full 6):
 def new generation   total 68800K, used 61184K [0x03c00000, 0x086a0000, 0x19150000)
  eden space 61184K, 100% used [0x03c00000, 0x077c0000, 0x077c0000)
  from space 7616K,   0% used [0x077c0000, 0x077c0000, 0x07f30000)
  to   space 7616K,   0% used [0x07f30000, 0x07f30000, 0x086a0000)
 tenured generation   total 152780K, used 152779K [0x19150000, 0x22683000, 0x43c00000)
   the space 152780K,  99% used [0x19150000, 0x22682ff0, 0x22683000, 0x22683000)
 Metaspace       used 3496K, capacity 3502K, committed 3520K, reserved 4480K
Event: 79.909 GC heap after
Heap after GC invocations=62 (full 7):
 def new generation   total 72000K, used 7459K [0x03c00000, 0x08a20000, 0x19150000)
  eden space 64000K,  11% used [0x03c00000, 0x04348c58, 0x07a80000)
  from space 8000K,   0% used [0x07a80000, 0x07a80000, 0x08250000)
  to   space 8000K,   0% used [0x08250000, 0x08250000, 0x08a20000)
 tenured generation   total 159948K, used 159947K [0x19150000, 0x22d83000, 0x43c00000)
   the space 159948K,  99% used [0x19150000, 0x22d82ff8, 0x22d83000, 0x22d83000)
 Metaspace       used 3496K, capacity 3502K, committed 3520K, reserved 4480K
}
Event: 80.602 GC heap before
{Heap before GC invocations=62 (full 7):
 def new generation   total 72000K, used 64000K [0x03c00000, 0x08a20000, 0x19150000)
  eden space 64000K, 100% used [0x03c00000, 0x07a80000, 0x07a80000)
  from space 8000K,   0% used [0x07a80000, 0x07a80000, 0x08250000)
  to   space 8000K,   0% used [0x08250000, 0x08250000, 0x08a20000)
 tenured generation   total 159948K, used 159947K [0x19150000, 0x22d83000, 0x43c00000)
   the space 159948K,  99% used [0x19150000, 0x22d82ff8, 0x22d83000, 0x22d83000)
 Metaspace       used 3498K, capacity 3502K, committed 3520K, reserved 4480K
Event: 81.861 GC heap after
Heap after GC invocations=63 (full 8):
 def new generation   total 75456K, used 3484K [0x03c00000, 0x08dd0000, 0x19150000)
  eden space 67136K,   5% used [0x03c00000, 0x03f671d8, 0x07d90000)
  from space 8320K,   0% used [0x07d90000, 0x07d90000, 0x085b0000)
  to   space 8320K,   0% used [0x085b0000, 0x085b0000, 0x08dd0000)
 tenured generation   total 167500K, used 167499K [0x19150000, 0x234e3000, 0x43c00000)
   the space 167500K,  99% used [0x19150000, 0x234e2ff8, 0x234e3000, 0x234e3000)
 Metaspace       used 3498K, capacity 3502K, committed 3520K, reserved 4480K
}
Event: 88.328 GC heap before
{Heap before GC invocations=63 (full 8):
 def new generation   total 75456K, used 67136K [0x03c00000, 0x08dd0000, 0x19150000)
  eden space 67136K, 100% used [0x03c00000, 0x07d90000, 0x07d90000)
  from space 8320K,   0% used [0x07d90000, 0x07d90000, 0x085b0000)
  to   space 8320K,   0% used [0x085b0000, 0x085b0000, 0x08dd0000)
 tenured generation   total 167500K, used 167499K [0x19150000, 0x234e3000, 0x43c00000)
   the space 167500K,  99% used [0x19150000, 0x234e2ff8, 0x234e3000, 0x234e3000)
 Metaspace       used 3498K, capacity 3502K, committed 3520K, reserved 4480K
Event: 89.455 GC heap after
Heap after GC invocations=64 (full 9):
 def new generation   total 77120K, used 8179K [0x03c00000, 0x08fa0000, 0x19150000)
  eden space 68608K,  11% used [0x03c00000, 0x043fce98, 0x07f00000)
  from space 8512K,   0% used [0x07f00000, 0x07f00000, 0x08750000)
  to   space 8512K,   0% used [0x08750000, 0x08750000, 0x08fa0000)
 tenured generation   total 171212K, used 171212K [0x19150000, 0x23883000, 0x43c00000)
   the space 171212K, 100% used [0x19150000, 0x23883000, 0x23883000, 0x23883000)
 Metaspace       used 3498K, capacity 3502K, committed 3520K, reserved 4480K
}
Event: 95.958 GC heap before
{Heap before GC invocations=64 (full 9):
 def new generation   total 77120K, used 68608K [0x03c00000, 0x08fa0000, 0x19150000)
  eden space 68608K, 100% used [0x03c00000, 0x07f00000, 0x07f00000)
  from space 8512K,   0% used [0x07f00000, 0x07f00000, 0x08750000)
  to   space 8512K,   0% used [0x08750000, 0x08750000, 0x08fa0000)
 tenured generation   total 171212K, used 171212K [0x19150000, 0x23883000, 0x43c00000)
   the space 171212K, 100% used [0x19150000, 0x23883000, 0x23883000, 0x23883000)
 Metaspace       used 3498K, capacity 3502K, committed 3520K, reserved 4480K
Event: 97.170 GC heap after
Heap after GC invocations=65 (full 10):
 def new generation   total 81664K, used 8471K [0x03c00000, 0x09490000, 0x19150000)
  eden space 72640K,  11% used [0x03c00000, 0x04445d98, 0x082f0000)
  from space 9024K,   0% used [0x082f0000, 0x082f0000, 0x08bc0000)
  to   space 9024K,   0% used [0x08bc0000, 0x08bc0000, 0x09490000)
 tenured generation   total 181324K, used 181240K [0x19150000, 0x24263000, 0x43c00000)
   the space 181324K,  99% used [0x19150000, 0x2424e170, 0x2424e200, 0x24263000)
 Metaspace       used 3498K, capacity 3502K, committed 3520K, reserved 4480K
}
Event: 99.957 GC heap before
{Heap before GC invocations=65 (full 10):
 def new generation   total 81664K, used 72640K [0x03c00000, 0x09490000, 0x19150000)
  eden space 72640K, 100% used [0x03c00000, 0x082f0000, 0x082f0000)
  from space 9024K,   0% used [0x082f0000, 0x082f0000, 0x08bc0000)
  to   space 9024K,   0% used [0x08bc0000, 0x08bc0000, 0x09490000)
 tenured generation   total 181324K, used 181240K [0x19150000, 0x24263000, 0x43c00000)
   the space 181324K,  99% used [0x19150000, 0x2424e170, 0x2424e200, 0x24263000)
 Metaspace       used 3604K, capacity 3630K, committed 3648K, reserved 4480K

